nohup: ignoring input

> quiz-battle@0.1.0 dev
> next dev

   ▲ Next.js 15.1.9
   - Local:        http://localhost:3000
   - Network:      http://10.0.0.227:3000
   - Environments: .env.local

 ✓ Starting...
 ⚠ Invalid next.config.js options detected: 
 ⚠     Unrecognized key(s) in object: 'swcMinify', 'telemetry'
 ⚠ See more info here: https://nextjs.org/docs/messages/invalid-next-config
 ✓ Ready in 1697ms
 ○ Compiling / ...
request to https://fonts.gstatic.com/s/geistmono/v4/or3nQ6H-1_WfwkMZI_qYFrMdmhHkjkotbA.woff2 failed, reason: 

Retrying 1/3...
request to https://fonts.gstatic.com/s/geistmono/v4/or3nQ6H-1_WfwkMZI_qYFrkdmhHkjkotbA.woff2 failed, reason: 

Retrying 1/3...
request to https://fonts.gstatic.com/s/geistmono/v4/or3nQ6H-1_WfwkMZI_qYFrcdmhHkjko.woff2 failed, reason: 

Retrying 1/3...
 ✓ Compiled / in 4.6s (670 modules)
 ⚠ metadataBase property in metadata export is not set for resolving social open graph or twitter images, using "http://localhost:3000". See https://nextjs.org/docs/app/api-reference/functions/generate-metadata#metadatabase
 GET / 200 in 4906ms
 ○ Compiling /student/dashboard ...
 ✓ Compiled /student/dashboard in 3.1s (945 modules)
 ⚠ metadataBase property in metadata export is not set for resolving social open graph or twitter images, using "http://localhost:3000". See https://nextjs.org/docs/app/api-reference/functions/generate-metadata#metadatabase
 GET /student/dashboard 200 in 3463ms
 ✓ Compiled /_not-found in 357ms (932 modules)
 ⚠ metadataBase property in metadata export is not set for resolving social open graph or twitter images, using "http://localhost:3000". See https://nextjs.org/docs/app/api-reference/functions/generate-metadata#metadatabase
 GET /apple-touch-icon.png 404 in 563ms
 ○ Compiling /host/quizbattle/create ...
 ✓ Compiled /host/quizbattle/create in 1230ms (945 modules)
 ⚠ metadataBase property in metadata export is not set for resolving social open graph or twitter images, using "http://localhost:3000". See https://nextjs.org/docs/app/api-reference/functions/generate-metadata#metadatabase
 GET /host/quizbattle/create 200 in 2037ms
 ○ Compiling /host/design ...
 ✓ Compiled /host/design in 641ms (964 modules)
 ⚠ metadataBase property in metadata export is not set for resolving social open graph or twitter images, using "http://localhost:3000". See https://nextjs.org/docs/app/api-reference/functions/generate-metadata#metadatabase
 GET /host/design 200 in 834ms
 GET /host/design 200 in 292ms
 ○ Compiling /favicon.ico ...
 ✓ Compiled /favicon.ico in 988ms (600 modules)
 ⚠ metadataBase property in metadata export is not set for resolving social open graph or twitter images, using "http://localhost:3000". See https://nextjs.org/docs/app/api-reference/functions/generate-metadata#metadatabase
 GET /favicon.ico 200 in 1397ms
 GET /apple-touch-icon.png 404 in 1256ms
